Base path: C:/Program Files (x86)/Unity/Editor/Data
Pipe name: \\.\pipe\UnityShaderCompiler-3-11008
Cmd: getPlatforms
Cmd: compileSnippet
  api=8 type=0 insize=1526 outsize=1812 kw=SOFTPARTICLES_OFF ok=1
Cmd: compileSnippet
  api=4 type=0 insize=1526 outsize=2022 kw=SOFTPARTICLES_ON ok=1
Cmd: compileSnippet
  api=1 type=1 insize=1526 outsize=141 kw=SOFTPARTICLES_OFF ok=1
Cmd: compileSnippet
  api=8 type=1 insize=1526 outsize=2478 kw=SOFTPARTICLES_ON ok=1
Cmd: compileSnippet
  api=0 type=0 insize=984 outsize=706 kw= ok=1
Cmd: compileSnippet
  api=0 type=1 insize=984 outsize=119 kw= ok=1
Cmd: compileSnippet
  api=8 type=0 insize=984 outsize=2698 kw= ok=1
Cmd: compileSnippet
  api=1 type=0 insize=397 outsize=100 kw= ok=1
Cmd: compileSnippet
  api=1 type=0 insize=1643 outsize=299 kw= ok=1
Cmd: compileSnippet
  api=1 type=0 insize=410 outsize=145 kw= ok=1
Cmd: compileSnippet
  api=8 type=1 insize=410 outsize=1187 kw= ok=1
Cmd: compileSnippet
  api=1 type=1 insize=1287 outsize=398 kw= ok=1
Unhandled exception: Readfile from pipe failed. GLE=The pipe has been ended.


Quitting shader compiler process
