Base path: C:/Program Files (x86)/Unity/Editor/Data
Pipe name: \\.\pipe\UnityShaderCompiler-2-10820
Cmd: getPlatforms
Cmd: compileSnippet
  api=1 type=0 insize=1526 outsize=171 kw=SOFTPARTICLES_OFF ok=1
Cmd: compileSnippet
  api=8 type=0 insize=1526 outsize=2966 kw=SOFTPARTICLES_ON ok=1
Cmd: compileSnippet
  api=0 type=1 insize=1526 outsize=488 kw=SOFTPARTICLES_ON ok=1
Cmd: compileSnippet
  api=4 type=1 insize=1526 outsize=1599 kw=SOFTPARTICLES_ON ok=1
Cmd: compileSnippet
  api=1 type=1 insize=984 outsize=29 kw= ok=1
Cmd: compileSnippet
  api=8 type=1 insize=984 outsize=675 kw= ok=1
Cmd: compileSnippet
  api=1 type=1 insize=397 outsize=22 kw= ok=1
Cmd: compileSnippet
  api=0 type=0 insize=1643 outsize=620 kw= ok=1
Cmd: compileSnippet
  api=8 type=1 insize=1643 outsize=2153 kw= ok=1
Cmd: compileSnippet
  api=8 type=0 insize=410 outsize=1560 kw= ok=1
Cmd: compileSnippet
  api=1 type=0 insize=1287 outsize=335 kw= ok=1
Unhandled exception: Readfile from pipe failed. GLE=The pipe has been ended.


Quitting shader compiler process
