Base path: C:/Program Files (x86)/Unity/Editor/Data
Pipe name: \\.\pipe\UnityShaderCompiler-4-10804
Cmd: getPlatforms
Cmd: compileSnippet
  api=0 type=0 insize=1526 outsize=614 kw=SOFTPARTICLES_ON ok=1
Cmd: compileSnippet
  api=0 type=1 insize=1526 outsize=269 kw=SOFTPARTICLES_OFF ok=1
Cmd: compileSnippet
  api=1 type=1 insize=1526 outsize=297 kw=SOFTPARTICLES_ON ok=1
Cmd: compileSnippet
  api=1 type=0 insize=984 outsize=428 kw= ok=1
Cmd: compileSnippet
  api=1 type=0 insize=984 outsize=382 kw= ok=1
Cmd: compileSnippet
  api=1 type=1 insize=984 outsize=29 kw= ok=1
Cmd: compileSnippet
  api=0 type=0 insize=397 outsize=281 kw= ok=1
Cmd: compileSnippet
  api=8 type=1 insize=397 outsize=553 kw= ok=1
Cmd: compileSnippet
  api=1 type=1 insize=1643 outsize=298 kw= ok=1
Cmd: compileSnippet
  api=1 type=1 insize=410 outsize=172 kw= ok=1
Cmd: compileSnippet
  api=8 type=0 insize=1287 outsize=2023 kw= ok=1
Cmd: compileSnippet
  api=8 type=1 insize=1287 outsize=1942 kw= ok=1
Unhandled exception: Readfile from pipe failed. GLE=The pipe has been ended.


Quitting shader compiler process
